<?xml version="1.0" encoding="UTF-8"?>
<!-- Generated by org.testng.reporters.JUnitXMLReporter -->
<testsuite hostname="DESKTOP-R7BOH1S" ignored="0" name="Gradle test" tests="4" failures="1" timestamp="26 Feb 2018 18:16:22 GMT" time="2.788" errors="0">
  <testcase name="test1" time="2.77" classname="jira.tests.testCases">
    <failure type="java.lang.AssertionError" message="expected [6] but found [3]">
      <![CDATA[java.lang.AssertionError: expected [6] but found [3]
at jira.tests.testCases.test1(testCases.java:18)
at com.sun.proxy.$Proxy2.stop(Unknown Source)
at java.util.concurrent.ThreadPoolExecutor.runWorker(ThreadPoolExecutor.java:1149)
at java.util.concurrent.ThreadPoolExecutor$Worker.run(ThreadPoolExecutor.java:624)
at java.lang.Thread.run(Thread.java:748)
... Removed 49 stack frames]]>
    </failure>
  </testcase> <!-- test1 -->
  <testcase name="test2" time="0.0" classname="jira.tests.testCases"/>
  <testcase name="test3" time="0.0" classname="jira.tests.testCases"/>
  <testcase name="test4" time="0.0" classname="jira.tests.testCases"/>
</testsuite> <!-- Gradle test -->
